[github.com/flipped-aurora/gin-vue-admin/server]2022/04/21 - 21:00:09.048	[35mdebug[0m	C:/Users/daniel_zhang/Documents/GitHubCom/gin-vue-admin/server/utils/directory.go:44	create directoryautocode_template\server\casbinRule\api
[github.com/flipped-aurora/gin-vue-admin/server]2022/04/21 - 21:00:09.051	[35mdebug[0m	C:/Users/daniel_zhang/Documents/GitHubCom/gin-vue-admin/server/utils/directory.go:44	create directoryautocode_template\server\casbinRule\model
[github.com/flipped-aurora/gin-vue-admin/server]2022/04/21 - 21:00:09.052	[35mdebug[0m	C:/Users/daniel_zhang/Documents/GitHubCom/gin-vue-admin/server/utils/directory.go:44	create directoryautocode_template\server\casbinRule\request
[github.com/flipped-aurora/gin-vue-admin/server]2022/04/21 - 21:00:09.052	[35mdebug[0m	C:/Users/daniel_zhang/Documents/GitHubCom/gin-vue-admin/server/utils/directory.go:44	create directoryautocode_template\server\casbinRule\router
[github.com/flipped-aurora/gin-vue-admin/server]2022/04/21 - 21:00:09.052	[35mdebug[0m	C:/Users/daniel_zhang/Documents/GitHubCom/gin-vue-admin/server/utils/directory.go:44	create directoryautocode_template\server\casbinRule\service
[github.com/flipped-aurora/gin-vue-admin/server]2022/04/21 - 21:00:09.053	[35mdebug[0m	C:/Users/daniel_zhang/Documents/GitHubCom/gin-vue-admin/server/utils/directory.go:44	create directoryautocode_template\subcontract\casbinRule\api_enter
[github.com/flipped-aurora/gin-vue-admin/server]2022/04/21 - 21:00:09.053	[35mdebug[0m	C:/Users/daniel_zhang/Documents/GitHubCom/gin-vue-admin/server/utils/directory.go:44	create directoryautocode_template\subcontract\casbinRule\router_enter
[github.com/flipped-aurora/gin-vue-admin/server]2022/04/21 - 21:00:09.054	[35mdebug[0m	C:/Users/daniel_zhang/Documents/GitHubCom/gin-vue-admin/server/utils/directory.go:44	create directoryautocode_template\subcontract\casbinRule\service_enter
[github.com/flipped-aurora/gin-vue-admin/server]2022/04/21 - 21:00:09.054	[35mdebug[0m	C:/Users/daniel_zhang/Documents/GitHubCom/gin-vue-admin/server/utils/directory.go:44	create directoryautocode_template\web\casbinRule\api
[github.com/flipped-aurora/gin-vue-admin/server]2022/04/21 - 21:00:09.055	[35mdebug[0m	C:/Users/daniel_zhang/Documents/GitHubCom/gin-vue-admin/server/utils/directory.go:44	create directoryautocode_template\web\casbinRule\form
[github.com/flipped-aurora/gin-vue-admin/server]2022/04/21 - 21:00:09.055	[35mdebug[0m	C:/Users/daniel_zhang/Documents/GitHubCom/gin-vue-admin/server/utils/directory.go:44	create directoryautocode_template\web\casbinRule\table
[github.com/flipped-aurora/gin-vue-admin/server]2022/05/19 - 16:58:12.803	[35mdebug[0m	C:/Users/daniel_zhang/Documents/GitHubCom/gin-vue-admin/server/utils/directory.go:44	create directoryautocode_template\server\sysUsers\api
[github.com/flipped-aurora/gin-vue-admin/server]2022/05/19 - 16:58:12.804	[35mdebug[0m	C:/Users/daniel_zhang/Documents/GitHubCom/gin-vue-admin/server/utils/directory.go:44	create directoryautocode_template\server\sysUsers\model
[github.com/flipped-aurora/gin-vue-admin/server]2022/05/19 - 16:58:12.805	[35mdebug[0m	C:/Users/daniel_zhang/Documents/GitHubCom/gin-vue-admin/server/utils/directory.go:44	create directoryautocode_template\server\sysUsers\request
[github.com/flipped-aurora/gin-vue-admin/server]2022/05/19 - 16:58:12.805	[35mdebug[0m	C:/Users/daniel_zhang/Documents/GitHubCom/gin-vue-admin/server/utils/directory.go:44	create directoryautocode_template\server\sysUsers\router
[github.com/flipped-aurora/gin-vue-admin/server]2022/05/19 - 16:58:12.805	[35mdebug[0m	C:/Users/daniel_zhang/Documents/GitHubCom/gin-vue-admin/server/utils/directory.go:44	create directoryautocode_template\server\sysUsers\service
[github.com/flipped-aurora/gin-vue-admin/server]2022/05/19 - 16:58:12.805	[35mdebug[0m	C:/Users/daniel_zhang/Documents/GitHubCom/gin-vue-admin/server/utils/directory.go:44	create directoryautocode_template\subcontract\sysUsers\api_enter
[github.com/flipped-aurora/gin-vue-admin/server]2022/05/19 - 16:58:12.806	[35mdebug[0m	C:/Users/daniel_zhang/Documents/GitHubCom/gin-vue-admin/server/utils/directory.go:44	create directoryautocode_template\subcontract\sysUsers\router_enter
[github.com/flipped-aurora/gin-vue-admin/server]2022/05/19 - 16:58:12.807	[35mdebug[0m	C:/Users/daniel_zhang/Documents/GitHubCom/gin-vue-admin/server/utils/directory.go:44	create directoryautocode_template\subcontract\sysUsers\service_enter
[github.com/flipped-aurora/gin-vue-admin/server]2022/05/19 - 16:58:12.807	[35mdebug[0m	C:/Users/daniel_zhang/Documents/GitHubCom/gin-vue-admin/server/utils/directory.go:44	create directoryautocode_template\web\sysUsers\api
[github.com/flipped-aurora/gin-vue-admin/server]2022/05/19 - 16:58:12.808	[35mdebug[0m	C:/Users/daniel_zhang/Documents/GitHubCom/gin-vue-admin/server/utils/directory.go:44	create directoryautocode_template\web\sysUsers\form
[github.com/flipped-aurora/gin-vue-admin/server]2022/05/19 - 16:58:12.808	[35mdebug[0m	C:/Users/daniel_zhang/Documents/GitHubCom/gin-vue-admin/server/utils/directory.go:44	create directoryautocode_template\web\sysUsers\table
[github.com/flipped-aurora/gin-vue-admin/server]2022/05/19 - 17:00:24.229	[35mdebug[0m	C:/Users/daniel_zhang/Documents/GitHubCom/gin-vue-admin/server/utils/directory.go:44	create directoryautocode_template\server\sysUsers\api
[github.com/flipped-aurora/gin-vue-admin/server]2022/05/19 - 17:00:24.230	[35mdebug[0m	C:/Users/daniel_zhang/Documents/GitHubCom/gin-vue-admin/server/utils/directory.go:44	create directoryautocode_template\server\sysUsers\model
[github.com/flipped-aurora/gin-vue-admin/server]2022/05/19 - 17:00:24.230	[35mdebug[0m	C:/Users/daniel_zhang/Documents/GitHubCom/gin-vue-admin/server/utils/directory.go:44	create directoryautocode_template\server\sysUsers\request
[github.com/flipped-aurora/gin-vue-admin/server]2022/05/19 - 17:00:24.230	[35mdebug[0m	C:/Users/daniel_zhang/Documents/GitHubCom/gin-vue-admin/server/utils/directory.go:44	create directoryautocode_template\server\sysUsers\router
[github.com/flipped-aurora/gin-vue-admin/server]2022/05/19 - 17:00:24.231	[35mdebug[0m	C:/Users/daniel_zhang/Documents/GitHubCom/gin-vue-admin/server/utils/directory.go:44	create directoryautocode_template\server\sysUsers\service
[github.com/flipped-aurora/gin-vue-admin/server]2022/05/19 - 17:00:24.231	[35mdebug[0m	C:/Users/daniel_zhang/Documents/GitHubCom/gin-vue-admin/server/utils/directory.go:44	create directoryautocode_template\subcontract\sysUsers\api_enter
[github.com/flipped-aurora/gin-vue-admin/server]2022/05/19 - 17:00:24.232	[35mdebug[0m	C:/Users/daniel_zhang/Documents/GitHubCom/gin-vue-admin/server/utils/directory.go:44	create directoryautocode_template\subcontract\sysUsers\router_enter
[github.com/flipped-aurora/gin-vue-admin/server]2022/05/19 - 17:00:24.232	[35mdebug[0m	C:/Users/daniel_zhang/Documents/GitHubCom/gin-vue-admin/server/utils/directory.go:44	create directoryautocode_template\subcontract\sysUsers\service_enter
[github.com/flipped-aurora/gin-vue-admin/server]2022/05/19 - 17:00:24.232	[35mdebug[0m	C:/Users/daniel_zhang/Documents/GitHubCom/gin-vue-admin/server/utils/directory.go:44	create directoryautocode_template\web\sysUsers\api
[github.com/flipped-aurora/gin-vue-admin/server]2022/05/19 - 17:00:24.233	[35mdebug[0m	C:/Users/daniel_zhang/Documents/GitHubCom/gin-vue-admin/server/utils/directory.go:44	create directoryautocode_template\web\sysUsers\form
[github.com/flipped-aurora/gin-vue-admin/server]2022/05/19 - 17:00:24.233	[35mdebug[0m	C:/Users/daniel_zhang/Documents/GitHubCom/gin-vue-admin/server/utils/directory.go:44	create directoryautocode_template\web\sysUsers\table
[github.com/flipped-aurora/gin-vue-admin/server]2022/05/19 - 17:05:54.218	[35mdebug[0m	C:/Users/daniel_zhang/Documents/GitHubCom/gin-vue-admin/server/utils/directory.go:44	create directoryautocode_template\server\sysUsers\api
[github.com/flipped-aurora/gin-vue-admin/server]2022/05/19 - 17:05:54.219	[35mdebug[0m	C:/Users/daniel_zhang/Documents/GitHubCom/gin-vue-admin/server/utils/directory.go:44	create directoryautocode_template\server\sysUsers\model
[github.com/flipped-aurora/gin-vue-admin/server]2022/05/19 - 17:05:54.219	[35mdebug[0m	C:/Users/daniel_zhang/Documents/GitHubCom/gin-vue-admin/server/utils/directory.go:44	create directoryautocode_template\server\sysUsers\request
[github.com/flipped-aurora/gin-vue-admin/server]2022/05/19 - 17:05:54.219	[35mdebug[0m	C:/Users/daniel_zhang/Documents/GitHubCom/gin-vue-admin/server/utils/directory.go:44	create directoryautocode_template\server\sysUsers\router
[github.com/flipped-aurora/gin-vue-admin/server]2022/05/19 - 17:05:54.219	[35mdebug[0m	C:/Users/daniel_zhang/Documents/GitHubCom/gin-vue-admin/server/utils/directory.go:44	create directoryautocode_template\server\sysUsers\service
[github.com/flipped-aurora/gin-vue-admin/server]2022/05/19 - 17:05:54.219	[35mdebug[0m	C:/Users/daniel_zhang/Documents/GitHubCom/gin-vue-admin/server/utils/directory.go:44	create directoryautocode_template\subcontract\sysUsers\api_enter
[github.com/flipped-aurora/gin-vue-admin/server]2022/05/19 - 17:05:54.219	[35mdebug[0m	C:/Users/daniel_zhang/Documents/GitHubCom/gin-vue-admin/server/utils/directory.go:44	create directoryautocode_template\subcontract\sysUsers\router_enter
[github.com/flipped-aurora/gin-vue-admin/server]2022/05/19 - 17:05:54.219	[35mdebug[0m	C:/Users/daniel_zhang/Documents/GitHubCom/gin-vue-admin/server/utils/directory.go:44	create directoryautocode_template\subcontract\sysUsers\service_enter
[github.com/flipped-aurora/gin-vue-admin/server]2022/05/19 - 17:05:54.222	[35mdebug[0m	C:/Users/daniel_zhang/Documents/GitHubCom/gin-vue-admin/server/utils/directory.go:44	create directoryautocode_template\web\sysUsers\api
[github.com/flipped-aurora/gin-vue-admin/server]2022/05/19 - 17:05:54.222	[35mdebug[0m	C:/Users/daniel_zhang/Documents/GitHubCom/gin-vue-admin/server/utils/directory.go:44	create directoryautocode_template\web\sysUsers\form
[github.com/flipped-aurora/gin-vue-admin/server]2022/05/19 - 17:05:54.222	[35mdebug[0m	C:/Users/daniel_zhang/Documents/GitHubCom/gin-vue-admin/server/utils/directory.go:44	create directoryautocode_template\web\sysUsers\table
