[github.com/flipped-aurora/gin-vue-admin/server]2022/04/21 - 00:03:24.629	[34minfo[0m	C:/Users/daniel_zhang/Documents/GitHubCom/gin-vue-admin/server/initialize/router.go:32	use middleware logger
[github.com/flipped-aurora/gin-vue-admin/server]2022/04/21 - 00:03:24.631	[34minfo[0m	C:/Users/daniel_zhang/Documents/GitHubCom/gin-vue-admin/server/initialize/router.go:36	use middleware cors
[github.com/flipped-aurora/gin-vue-admin/server]2022/04/21 - 00:03:24.631	[34minfo[0m	C:/Users/daniel_zhang/Documents/GitHubCom/gin-vue-admin/server/initialize/router.go:38	register swagger handler
[github.com/flipped-aurora/gin-vue-admin/server]2022/04/21 - 00:03:24.632	[34minfo[0m	C:/Users/daniel_zhang/Documents/GitHubCom/gin-vue-admin/server/initialize/router.go:80	router register success
[github.com/flipped-aurora/gin-vue-admin/server]2022/04/21 - 00:03:24.643	[34minfo[0m	C:/Users/daniel_zhang/Documents/GitHubCom/gin-vue-admin/server/core/server.go:36	server run success on 	{"address": ":8888"}
[github.com/flipped-aurora/gin-vue-admin/server]2022/04/21 - 00:46:03.063	[34minfo[0m	C:/Users/daniel_zhang/Documents/GitHubCom/gin-vue-admin/server/api/v1/system/sys_initdb.go:57	å‰å¾€åˆå§‹åŒ–æ•°æ®åº“
[github.com/flipped-aurora/gin-vue-admin/server]2022/04/21 - 20:52:42.367	[34minfo[0m	C:/Users/daniel_zhang/Documents/GitHubCom/gin-vue-admin/server/api/v1/system/sys_initdb.go:57	å‰å¾€åˆå§‹åŒ–æ•°æ®åº“
[github.com/flipped-aurora/gin-vue-admin/server]2022/04/25 - 21:45:23.667	[34minfo[0m	C:/Users/daniel_zhang/Documents/GitHubCom/gin-vue-admin/server/initialize/gorm.go:61	register table success
[github.com/flipped-aurora/gin-vue-admin/server]2022/04/25 - 21:45:23.669	[34minfo[0m	C:/Users/daniel_zhang/Documents/GitHubCom/gin-vue-admin/server/initialize/router.go:32	use middleware logger
[github.com/flipped-aurora/gin-vue-admin/server]2022/04/25 - 21:45:23.669	[34minfo[0m	C:/Users/daniel_zhang/Documents/GitHubCom/gin-vue-admin/server/initialize/router.go:36	use middleware cors
[github.com/flipped-aurora/gin-vue-admin/server]2022/04/25 - 21:45:23.669	[34minfo[0m	C:/Users/daniel_zhang/Documents/GitHubCom/gin-vue-admin/server/initialize/router.go:38	register swagger handler
[github.com/flipped-aurora/gin-vue-admin/server]2022/04/25 - 21:45:23.670	[34minfo[0m	C:/Users/daniel_zhang/Documents/GitHubCom/gin-vue-admin/server/initialize/router.go:80	router register success
[github.com/flipped-aurora/gin-vue-admin/server]2022/04/25 - 21:45:23.676	[34minfo[0m	C:/Users/daniel_zhang/Documents/GitHubCom/gin-vue-admin/server/core/server.go:36	server run success on 	{"address": ":8888"}
[github.com/flipped-aurora/gin-vue-admin/server]2022/05/17 - 20:45:23.032	[34minfo[0m	C:/Users/daniel_zhang/Documents/GitHubCom/gin-vue-admin/server/initialize/gorm.go:61	register table success
[github.com/flipped-aurora/gin-vue-admin/server]2022/05/17 - 20:45:23.035	[34minfo[0m	C:/Users/daniel_zhang/Documents/GitHubCom/gin-vue-admin/server/initialize/router.go:32	use middleware logger
[github.com/flipped-aurora/gin-vue-admin/server]2022/05/17 - 20:45:23.035	[34minfo[0m	C:/Users/daniel_zhang/Documents/GitHubCom/gin-vue-admin/server/initialize/router.go:36	use middleware cors
[github.com/flipped-aurora/gin-vue-admin/server]2022/05/17 - 20:45:23.035	[34minfo[0m	C:/Users/daniel_zhang/Documents/GitHubCom/gin-vue-admin/server/initialize/router.go:38	register swagger handler
[github.com/flipped-aurora/gin-vue-admin/server]2022/05/17 - 20:45:23.035	[34minfo[0m	C:/Users/daniel_zhang/Documents/GitHubCom/gin-vue-admin/server/initialize/router.go:80	router register success
[github.com/flipped-aurora/gin-vue-admin/server]2022/05/17 - 20:45:23.042	[34minfo[0m	C:/Users/daniel_zhang/Documents/GitHubCom/gin-vue-admin/server/core/server.go:36	server run success on 	{"address": ":8888"}
[github.com/flipped-aurora/gin-vue-admin/server]2022/05/19 - 16:49:31.504	[34minfo[0m	C:/Users/daniel_zhang/Documents/GitHubCom/gin-vue-admin/server/initialize/gorm.go:61	register table success
[github.com/flipped-aurora/gin-vue-admin/server]2022/05/19 - 16:49:31.505	[34minfo[0m	C:/Users/daniel_zhang/Documents/GitHubCom/gin-vue-admin/server/initialize/router.go:32	use middleware logger
[github.com/flipped-aurora/gin-vue-admin/server]2022/05/19 - 16:49:31.505	[34minfo[0m	C:/Users/daniel_zhang/Documents/GitHubCom/gin-vue-admin/server/initialize/router.go:36	use middleware cors
[github.com/flipped-aurora/gin-vue-admin/server]2022/05/19 - 16:49:31.506	[34minfo[0m	C:/Users/daniel_zhang/Documents/GitHubCom/gin-vue-admin/server/initialize/router.go:38	register swagger handler
[github.com/flipped-aurora/gin-vue-admin/server]2022/05/19 - 16:49:31.507	[34minfo[0m	C:/Users/daniel_zhang/Documents/GitHubCom/gin-vue-admin/server/initialize/router.go:80	router register success
[github.com/flipped-aurora/gin-vue-admin/server]2022/05/19 - 16:49:31.519	[34minfo[0m	C:/Users/daniel_zhang/Documents/GitHubCom/gin-vue-admin/server/core/server.go:36	server run success on 	{"address": ":8888"}
